<?xml version="1.0" encoding="UTF-8"?>
<!-- Generated by org.testng.reporters.JUnitReportReporter -->
<testsuite hostname="DESKTOP-9RG7NDH" failures="0" tests="4" name="s19_CreateOwnAPI_CRUDOperations.CreateOwnAPI_CRUDOperations" time="2.727" errors="0" timestamp="2024-05-05T10:51:05 IST" skipped="2">
  <testcase classname="s19_CreateOwnAPI_CRUDOperations.CreateOwnAPI_CRUDOperations" name="readUserData" time="2.662"/>
  <testcase classname="s19_CreateOwnAPI_CRUDOperations.CreateOwnAPI_CRUDOperations" name="deleteUserData" time="0.065"/>
  <testcase classname="s19_CreateOwnAPI_CRUDOperations.CreateOwnAPI_CRUDOperations" name="createUserData">
    <skipped/>
  </testcase> <!-- createUserData -->
  <testcase classname="s19_CreateOwnAPI_CRUDOperations.CreateOwnAPI_CRUDOperations" name="updateUserData">
    <skipped/>
  </testcase> <!-- updateUserData -->
</testsuite> <!-- s19_CreateOwnAPI_CRUDOperations.CreateOwnAPI_CRUDOperations -->
