<?xml version="1.0" encoding="UTF-8"?>
<!-- Generated by org.testng.reporters.JUnitReportReporter -->
<testsuite hostname="DESKTOP-9RG7NDH" failures="0" tests="1" name="s22_POJO_NestedJSONObject.POJO_NestedJSONObject" time="7.078" errors="0" timestamp="2024-05-09T14:15:02 IST" skipped="0">
  <testcase classname="s22_POJO_NestedJSONObject.POJO_NestedJSONObject" name="createUser" time="7.078"/>
</testsuite> <!-- s22_POJO_NestedJSONObject.POJO_NestedJSONObject -->
