<?xml version="1.0" encoding="UTF-8"?>
<!-- Generated by org.testng.reporters.JUnitReportReporter -->
<testsuite hostname="DESKTOP-9RG7NDH" failures="0" tests="1" name="s24_IgnoreEmptyNullDefaultValuesInPayload.IgnoreEmptyNullDefaultValuesInPayload" time="0.478" errors="0" timestamp="2024-05-12T12:54:09 IST" skipped="0">
  <testcase classname="s24_IgnoreEmptyNullDefaultValuesInPayload.IgnoreEmptyNullDefaultValuesInPayload" name="testMethod1" time="0.478"/>
</testsuite> <!-- s24_IgnoreEmptyNullDefaultValuesInPayload.IgnoreEmptyNullDefaultValuesInPayload -->
