<?xml version="1.0" encoding="UTF-8"?>
<!-- Generated by org.testng.reporters.JUnitReportReporter -->
<testsuite hostname="DESKTOP-9RG7NDH" failures="0" tests="1" name="s17_JSONObject_usingJacksonAPI.JSONObject_usingJacksonAPI" time="7.795" errors="0" timestamp="2024-05-01T21:23:25 IST" skipped="0">
  <testcase classname="s17_JSONObject_usingJacksonAPI.JSONObject_usingJacksonAPI" name="createUser" time="7.795"/>
</testsuite> <!-- s17_JSONObject_usingJacksonAPI.JSONObject_usingJacksonAPI -->
