<?xml version="1.0" encoding="UTF-8"?>
<!-- Generated by org.testng.reporters.JUnitReportReporter -->
<testsuite hostname="DESKTOP-9RG7NDH" failures="0" tests="1" name="s31_JSONSchemaValidation_WithoutRestAssured.JSONSchemaValidation_WithoutRestAssured" time="1.159" errors="0" timestamp="2024-05-19T12:40:43 IST" skipped="0">
  <testcase classname="s31_JSONSchemaValidation_WithoutRestAssured.JSONSchemaValidation_WithoutRestAssured" name="name" time="1.159"/>
</testsuite> <!-- s31_JSONSchemaValidation_WithoutRestAssured.JSONSchemaValidation_WithoutRestAssured -->
