<?xml version="1.0" encoding="UTF-8"?>
<!-- Generated by org.testng.reporters.JUnitReportReporter -->
<testsuite hostname="DESKTOP-9RG7NDH" failures="0" tests="1" name="s13_Retrieve_Query_RequestSpecification.Retrieve_Query_RequestSpecification" time="1.750" errors="0" timestamp="2024-04-27T10:51:11 IST" skipped="0">
  <testcase classname="s13_Retrieve_Query_RequestSpecification.Retrieve_Query_RequestSpecification" name="createUser" time="1.750"/>
</testsuite> <!-- s13_Retrieve_Query_RequestSpecification.Retrieve_Query_RequestSpecification -->
