<?xml version="1.0" encoding="UTF-8"?>
<!-- Generated by org.testng.reporters.JUnitReportReporter -->
<testsuite hostname="DESKTOP-9RG7NDH" failures="0" tests="1" name="s10_Authorization_APIKey.Authorization_APIKey" time="3.876" errors="0" timestamp="2024-04-22T10:32:52 IST" skipped="0">
  <testcase classname="s10_Authorization_APIKey.Authorization_APIKey" name="getWeatherDataByCity" time="3.876"/>
</testsuite> <!-- s10_Authorization_APIKey.Authorization_APIKey -->
