<?xml version="1.0" encoding="UTF-8"?>
<!-- Generated by org.testng.reporters.JUnitReportReporter -->
<testsuite hostname="DESKTOP-9RG7NDH" failures="0" tests="3" name="s15_createJSONObject_usingJavaMap.CreateJSONObject_UsingJavaMap" time="6.709" errors="0" timestamp="2024-04-30T11:17:01 IST" skipped="0">
  <testcase classname="s15_createJSONObject_usingJavaMap.CreateJSONObject_UsingJavaMap" name="createUser2" time="0.672"/>
  <testcase classname="s15_createJSONObject_usingJavaMap.CreateJSONObject_UsingJavaMap" name="createAuthToken" time="5.166"/>
  <testcase classname="s15_createJSONObject_usingJavaMap.CreateJSONObject_UsingJavaMap" name="createUser" time="0.871"/>
</testsuite> <!-- s15_createJSONObject_usingJavaMap.CreateJSONObject_UsingJavaMap -->
