<?xml version="1.0" encoding="UTF-8"?>
<!-- Generated by org.testng.reporters.JUnitReportReporter -->
<testsuite hostname="DESKTOP-9RG7NDH" failures="0" tests="1" name="FirstGetRequest" time="4.520" errors="0" timestamp="2024-04-11T14:06:13 IST" skipped="0">
  <testcase classname="FirstGetRequest" name="testCase01" time="4.520"/>
</testsuite> <!-- FirstGetRequest -->
