<?xml version="1.0" encoding="UTF-8"?>
<!-- Generated by org.testng.reporters.JUnitReportReporter -->
<testsuite hostname="DESKTOP-9RG7NDH" failures="0" tests="1" name="s03.Test_PutMethod" time="4.841" errors="0" timestamp="2024-04-14T14:04:01 IST" skipped="0">
  <testcase classname="s03.Test_PutMethod" name="test04" time="4.841"/>
</testsuite> <!-- s03.Test_PutMethod -->
