<?xml version="1.0" encoding="UTF-8"?>
<!-- Generated by org.testng.reporters.JUnitReportReporter -->
<testsuite hostname="DESKTOP-9RG7NDH" failures="0" tests="1" name="s07_QueryParameters.QueryParameters" time="5.433" errors="0" timestamp="2024-04-18T11:00:08 IST" skipped="0">
  <testcase classname="s07_QueryParameters.QueryParameters" name="filterData" time="5.433"/>
</testsuite> <!-- s07_QueryParameters.QueryParameters -->
