<?xml version="1.0" encoding="UTF-8"?>
<!-- Generated by org.testng.reporters.JUnitReportReporter -->
<testsuite hostname="DESKTOP-9RG7NDH" failures="0" tests="1" name="FirstGetRequest" time="4.420" errors="0" timestamp="2024-04-12T09:03:18 IST" skipped="0">
  <testcase classname="FirstGetRequest" name="testCase01" time="4.420"/>
</testsuite> <!-- FirstGetRequest -->
