<?xml version="1.0" encoding="UTF-8"?>
<!-- Generated by org.testng.reporters.JUnitReportReporter -->
<testsuite hostname="DESKTOP-9RG7NDH" failures="0" tests="1" name="s23_POJO_ComplexNestedJSONObject.POJO_ComplexNestedJSONObject" time="4.599" errors="0" timestamp="2024-05-11T18:19:36 IST" skipped="0">
  <testcase classname="s23_POJO_ComplexNestedJSONObject.POJO_ComplexNestedJSONObject" name="createUser" time="4.599"/>
</testsuite> <!-- s23_POJO_ComplexNestedJSONObject.POJO_ComplexNestedJSONObject -->
