<?xml version="1.0" encoding="UTF-8"?>
<!-- Generated by org.testng.reporters.JUnitReportReporter -->
<testsuite hostname="DESKTOP-9RG7NDH" failures="0" tests="2" name="s15_createJSONObject_usingJavaMap.CreateJSONObject_UsingJavaMap" time="7.617" errors="0" timestamp="2024-04-29T11:11:35 IST" skipped="0">
  <testcase classname="s15_createJSONObject_usingJavaMap.CreateJSONObject_UsingJavaMap" name="createAuthToken" time="6.952"/>
  <testcase classname="s15_createJSONObject_usingJavaMap.CreateJSONObject_UsingJavaMap" name="createUser" time="0.665"/>
</testsuite> <!-- s15_createJSONObject_usingJavaMap.CreateJSONObject_UsingJavaMap -->
