<?xml version="1.0" encoding="UTF-8"?>
<!-- Generated by org.testng.reporters.JUnitReportReporter -->
<testsuite hostname="DESKTOP-9RG7NDH" failures="0" tests="1" name="s12_DeserializeJSONResponse.DeserializeJSONResponse" time="3.951" errors="0" timestamp="2024-04-26T10:50:00 IST" skipped="0">
  <testcase classname="s12_DeserializeJSONResponse.DeserializeJSONResponse" name="createUser" time="3.951"/>
</testsuite> <!-- s12_DeserializeJSONResponse.DeserializeJSONResponse -->
