<?xml version="1.0" encoding="UTF-8"?>
<!-- Generated by org.testng.reporters.JUnitReportReporter -->
<testsuite hostname="DESKTOP-9RG7NDH" failures="0" tests="2" name="s16_createJSONArray_usingJSONObject.createJSONArray_usingJSONObject" time="9.582" errors="0" timestamp="2024-04-30T11:52:36 IST" skipped="0">
  <testcase classname="s16_createJSONArray_usingJSONObject.createJSONArray_usingJSONObject" name="createUserUsingJSONArray" time="9.022"/>
  <testcase classname="s16_createJSONArray_usingJSONObject.createJSONArray_usingJSONObject" name="createJSONArrayUsingList" time="0.560"/>
</testsuite> <!-- s16_createJSONArray_usingJSONObject.createJSONArray_usingJSONObject -->
