<?xml version="1.0" encoding="UTF-8"?>
<!-- Generated by org.testng.reporters.JUnitReportReporter -->
<testsuite hostname="DESKTOP-9RG7NDH" failures="0" tests="2" name="s03.Test_GetMethod" time="3.460" errors="0" timestamp="2024-04-14T14:07:22 IST" skipped="0">
  <testcase classname="s03.Test_GetMethod" name="test01" time="3.286"/>
  <testcase classname="s03.Test_GetMethod" name="test02" time="0.174"/>
</testsuite> <!-- s03.Test_GetMethod -->
