<?xml version="1.0" encoding="UTF-8"?>
<!-- Generated by org.testng.reporters.JUnitReportReporter -->
<testsuite hostname="DESKTOP-9RG7NDH" failures="0" tests="1" name="s30_JSONSchemaValidation.JSONSchemaValidation" time="9.516" errors="0" timestamp="2024-05-18T10:58:36 IST" skipped="0">
  <testcase classname="s30_JSONSchemaValidation.JSONSchemaValidation" name="testMethod" time="9.516"/>
</testsuite> <!-- s30_JSONSchemaValidation.JSONSchemaValidation -->
