<?xml version="1.0" encoding="UTF-8"?>
<!-- Generated by org.testng.reporters.JUnitReportReporter -->
<testsuite hostname="DESKTOP-9RG7NDH" failures="0" tests="1" name="s26_IgnoreUnknownProperties_Deserialization.IgnoreUnknownProperties_Deserialization" time="0.530" errors="0" timestamp="2024-05-14T14:20:26 IST" skipped="0">
  <testcase classname="s26_IgnoreUnknownProperties_Deserialization.IgnoreUnknownProperties_Deserialization" name="test1" time="0.530"/>
</testsuite> <!-- s26_IgnoreUnknownProperties_Deserialization.IgnoreUnknownProperties_Deserialization -->
