<?xml version="1.0" encoding="UTF-8"?>
<!-- Generated by org.testng.reporters.JUnitReportReporter -->
<testsuite hostname="DESKTOP-9RG7NDH" failures="0" tests="1" name="s25_IgnoreFieldsFromPOJOClass_Serialization_Deserialization.IgnoreFieldsFromPOJOClass_Serialization_Deserialization" time="0.716" errors="0" timestamp="2024-05-13T16:37:41 IST" skipped="0">
  <testcase classname="s25_IgnoreFieldsFromPOJOClass_Serialization_Deserialization.IgnoreFieldsFromPOJOClass_Serialization_Deserialization" name="testMethod1" time="0.716"/>
</testsuite> <!-- s25_IgnoreFieldsFromPOJOClass_Serialization_Deserialization.IgnoreFieldsFromPOJOClass_Serialization_Deserialization -->
