<?xml version="1.0" encoding="UTF-8"?>
<!-- Generated by org.testng.reporters.JUnitReportReporter -->
<testsuite hostname="DESKTOP-9RG7NDH" failures="0" tests="1" name="s20_POJO_JSONObjectData_Serialization_Desialization.POJO_JSONObjectData_Serialization_Desialization" time="5.192" errors="0" timestamp="2024-05-06T11:32:08 IST" skipped="0">
  <testcase classname="s20_POJO_JSONObjectData_Serialization_Desialization.POJO_JSONObjectData_Serialization_Desialization" name="createJSONObjectFromEmployeeClassObject" time="5.192"/>
</testsuite> <!-- s20_POJO_JSONObjectData_Serialization_Desialization.POJO_JSONObjectData_Serialization_Desialization -->
