<?xml version="1.0" encoding="UTF-8"?>
<!-- Generated by org.testng.reporters.JUnitReportReporter -->
<testsuite hostname="DESKTOP-9RG7NDH" failures="0" tests="1" name="s06_ValidateJSONResponseBody.ValidateJSONResponseBody" time="4.751" errors="0" timestamp="2024-04-17T21:07:42 IST" skipped="0">
  <testcase classname="s06_ValidateJSONResponseBody.ValidateJSONResponseBody" name="userListResponseBody" time="4.751"/>
</testsuite> <!-- s06_ValidateJSONResponseBody.ValidateJSONResponseBody -->
