<?xml version="1.0" encoding="UTF-8"?>
<!-- Generated by org.testng.reporters.JUnitReportReporter -->
<testsuite hostname="DESKTOP-9RG7NDH" failures="0" tests="1" name="s14_SendXMLDataAsPayload_ValidateXMLResponse.SendXMLDataAsPayload_ValidateXMLResponse" time="6.750" errors="0" timestamp="2024-04-28T17:06:18 IST" skipped="0">
  <testcase classname="s14_SendXMLDataAsPayload_ValidateXMLResponse.SendXMLDataAsPayload_ValidateXMLResponse" name="addPet" time="6.750"/>
</testsuite> <!-- s14_SendXMLDataAsPayload_ValidateXMLResponse.SendXMLDataAsPayload_ValidateXMLResponse -->
