<?xml version="1.0" encoding="UTF-8"?>
<!-- Generated by org.testng.reporters.JUnitReportReporter -->
<testsuite hostname="DESKTOP-9RG7NDH" failures="0" tests="2" name="s29_ResponseSpecification_ResponseSpecBuilder.ResponseSpecification_ResponseSpecBuilder" time="9.567" errors="0" timestamp="2024-05-17T19:25:29 IST" skipped="0">
  <testcase classname="s29_ResponseSpecification_ResponseSpecBuilder.ResponseSpecification_ResponseSpecBuilder" name="getBookingByFirstName" time="1.591"/>
  <testcase classname="s29_ResponseSpecification_ResponseSpecBuilder.ResponseSpecification_ResponseSpecBuilder" name="getAllBookingIDs" time="7.976"/>
</testsuite> <!-- s29_ResponseSpecification_ResponseSpecBuilder.ResponseSpecification_ResponseSpecBuilder -->
