<?xml version="1.0" encoding="UTF-8"?>
<!-- Generated by org.testng.reporters.JUnitReportReporter -->
<testsuite hostname="DESKTOP-9RG7NDH" failures="0" tests="2" name="s18_UploadFile.UploadFile" time="5.623" errors="0" timestamp="2024-05-02T12:35:40 IST" skipped="0">
  <testcase classname="s18_UploadFile.UploadFile" name="uploadFile" time="4.421"/>
  <testcase classname="s18_UploadFile.UploadFile" name="uploadFile2" time="1.202"/>
</testsuite> <!-- s18_UploadFile.UploadFile -->
