<?xml version="1.0" encoding="UTF-8"?>
<!-- Generated by org.testng.reporters.JUnitReportReporter -->
<testsuite hostname="DESKTOP-9RG7NDH" failures="0" tests="1" name="s05_ValidateHTTPResponseHeader.ValidateResponseHeader" time="4.176" errors="0" timestamp="2024-04-16T10:12:21 IST" skipped="0">
  <testcase classname="s05_ValidateHTTPResponseHeader.ValidateResponseHeader" name="getSingleUser" time="4.176"/>
</testsuite> <!-- s05_ValidateHTTPResponseHeader.ValidateResponseHeader -->
