<?xml version="1.0" encoding="UTF-8"?>
<!-- Generated by org.testng.reporters.JUnitReportReporter -->
<testsuite hostname="DESKTOP-9RG7NDH" failures="0" tests="3" name="s04_ValidateHTTPResponseStatus.CheckForValidResponse" time="46.535" errors="0" timestamp="2024-04-15T14:43:17 IST" skipped="0">
  <testcase classname="s04_ValidateHTTPResponseStatus.CheckForValidResponse" name="getSingleUser_BDDStyle" time="21.251"/>
  <testcase classname="s04_ValidateHTTPResponseStatus.CheckForValidResponse" name="getSingleUser" time="24.991"/>
  <testcase classname="s04_ValidateHTTPResponseStatus.CheckForValidResponse" name="getSingleUserUsingValidatableResponse" time="0.293"/>
</testsuite> <!-- s04_ValidateHTTPResponseStatus.CheckForValidResponse -->
