<?xml version="1.0" encoding="UTF-8"?>
<!-- Generated by org.testng.reporters.JUnitReportReporter -->
<testsuite hostname="DESKTOP-9RG7NDH" failures="0" tests="5" name="s28_HowToAddHeaderInRequest.HowToAddHeaderInRequest" time="5.050" errors="0" timestamp="2024-05-16T11:20:12 IST" skipped="0">
  <testcase classname="s28_HowToAddHeaderInRequest.HowToAddHeaderInRequest" name="testMethod1" time="4.421"/>
  <testcase classname="s28_HowToAddHeaderInRequest.HowToAddHeaderInRequest" name="testMethod2ByMap" time="0.138"/>
  <testcase classname="s28_HowToAddHeaderInRequest.HowToAddHeaderInRequest" name="testMethod3ByHeaderClass" time="0.152"/>
  <testcase classname="s28_HowToAddHeaderInRequest.HowToAddHeaderInRequest" name="testMethod4ByHeadersClass" time="0.114"/>
  <testcase classname="s28_HowToAddHeaderInRequest.HowToAddHeaderInRequest" name="testMethod5BDDStyle" time="0.225"/>
</testsuite> <!-- s28_HowToAddHeaderInRequest.HowToAddHeaderInRequest -->
