<?xml version="1.0" encoding="UTF-8"?>
<!-- Generated by org.testng.reporters.JUnitReportReporter -->
<testsuite hostname="DESKTOP-9RG7NDH" failures="0" tests="2" name="s08_Authorization_Basic_Digest.Authorization_Basic_Digest" time="7.312" errors="0" timestamp="2024-04-19T11:05:21 IST" skipped="0">
  <testcase classname="s08_Authorization_Basic_Digest.Authorization_Basic_Digest" name="digestAuth" time="1.386"/>
  <testcase classname="s08_Authorization_Basic_Digest.Authorization_Basic_Digest" name="basicAuth" time="5.926"/>
</testsuite> <!-- s08_Authorization_Basic_Digest.Authorization_Basic_Digest -->
