<?xml version="1.0" encoding="UTF-8"?>
<!-- Generated by org.testng.reporters.JUnitReportReporter -->
<testsuite hostname="DESKTOP-9RG7NDH" failures="0" tests="1" name="s21_POJO_JSONArrayObject_Serialization_Desialization.POJO_JSONArrayObject_Serialization_Desialization" time="5.816" errors="0" timestamp="2024-05-07T12:17:16 IST" skipped="0">
  <testcase classname="s21_POJO_JSONArrayObject_Serialization_Desialization.POJO_JSONArrayObject_Serialization_Desialization" name="createEmployeesJSONArray" time="5.816"/>
</testsuite> <!-- s21_POJO_JSONArrayObject_Serialization_Desialization.POJO_JSONArrayObject_Serialization_Desialization -->
