<?xml version="1.0" encoding="UTF-8"?>
<!-- Generated by org.testng.reporters.JUnitReportReporter -->
<testsuite hostname="DESKTOP-9RG7NDH" failures="0" tests="1" name="s09_Authorization_BearerTokenAuthentication.BearerTokenAuthentication" time="5.573" errors="0" timestamp="2024-04-20T10:51:56 IST" skipped="0">
  <testcase classname="s09_Authorization_BearerTokenAuthentication.BearerTokenAuthentication" name="bearerToken" time="5.573"/>
</testsuite> <!-- s09_Authorization_BearerTokenAuthentication.BearerTokenAuthentication -->
