<?xml version="1.0" encoding="UTF-8"?>
<!-- Generated by org.testng.reporters.JUnitReportReporter -->
<testsuite hostname="DESKTOP-9RG7NDH" failures="0" tests="2" name="s27_MockAPIEasily_ConvertJSONResponseToPOJOClassObject.MockAPIEasily_ConvertJSONResponseToPOJOClassObject" time="9.929" errors="0" timestamp="2024-05-15T10:40:59 IST" skipped="0">
  <testcase classname="s27_MockAPIEasily_ConvertJSONResponseToPOJOClassObject.MockAPIEasily_ConvertJSONResponseToPOJOClassObject" name="test1" time="8.085"/>
  <testcase classname="s27_MockAPIEasily_ConvertJSONResponseToPOJOClassObject.MockAPIEasily_ConvertJSONResponseToPOJOClassObject" name="test2" time="1.844"/>
</testsuite> <!-- s27_MockAPIEasily_ConvertJSONResponseToPOJOClassObject.MockAPIEasily_ConvertJSONResponseToPOJOClassObject -->
