<?xml version="1.0" encoding="UTF-8"?>
<!-- Generated by org.testng.reporters.JUnitReportReporter -->
<testsuite hostname="DESKTOP-9RG7NDH" failures="0" tests="1" name="s03.Test_PostMethod" time="4.523" errors="0" timestamp="2024-04-14T14:03:23 IST" skipped="0">
  <testcase classname="s03.Test_PostMethod" name="test03" time="4.523"/>
</testsuite> <!-- s03.Test_PostMethod -->
